build/app/outputs/mapping/release/mapping.txt
# compiler: R8
# compiler_version: 1.5.64
# min_api: 16
# pg_map_id: 1e47893
...
io.flutter.embedding.engine.systemchannels.PlatformChannel$PlatformMessageHandler -> io.flutter.embedding.engine.i.h$h:
    boolean clipboardHasStrings() -> a
    java.lang.CharSequence getClipboardData(io.flutter.embedding.engine.systemchannels.PlatformChannel$ClipboardContentFormat) -> a
    void playSystemSound(io.flutter.embedding.engine.systemchannels.PlatformChannel$SoundType) -> a
    void setApplicationSwitcherDescription(io.flutter.embedding.engine.systemchannels.PlatformChannel$AppSwitcherDescription) -> a
    void setClipboardData(java.lang.String) -> a
    void setPreferredOrientations(int) -> a
    void setSystemUiOverlayStyle(io.flutter.embedding.engine.systemchannels.PlatformChannel$SystemChromeStyle) -> a
    void showSystemOverlays(java.util.List) -> a
    void vibrateHapticFeedback(io.flutter.embedding.engine.systemchannels.PlatformChannel$HapticFeedbackType) -> a
    void restoreSystemUiOverlays() -> b
    void popSystemNavigator() -> c
io.flutter.embedding.engine.systemchannels.PlatformChannel$SoundType -> io.flutter.embedding.engine.i.h$i:
    io.flutter.embedding.engine.systemchannels.PlatformChannel$SoundType CLICK -> b
    io.flutter.embedding.engine.systemchannels.PlatformChannel$SoundType[] $VALUES -> d
    io.flutter.embedding.engine.systemchannels.PlatformChannel$SoundType ALERT -> c
    java.lang.String encodedName -> a
    io.flutter.embedding.engine.systemchannels.PlatformChannel$SoundType fromValue(java.lang.String) -> a
io.flutter.embedding.engine.systemchannels.PlatformChannel$SystemChromeStyle -> io.flutter.embedding.engine.i.h$j:
    java.lang.Integer systemNavigationBarColor -> c
    java.lang.Integer systemNavigationBarDividerColor -> e
    io.flutter.embedding.engine.systemchannels.PlatformChannel$Brightness systemNavigationBarIconBrightness -> d
    io.flutter.embedding.engine.systemchannels.PlatformChannel$Brightness statusBarIconBrightness -> b
    java.lang.Integer statusBarColor -> a
io.flutter.embedding.engine.systemchannels.PlatformChannel$SystemUiOverlay -> io.flutter.embedding.engine.i.h$k:
    io.flutter.embedding.engine.systemchannels.PlatformChannel$SystemUiOverlay TOP_OVERLAYS -> b
    io.flutter.embedding.engine.systemchannels.PlatformChannel$SystemUiOverlay BOTTOM_OVERLAYS -> c
    io.flutter.embedding.engine.systemchannels.PlatformChannel$SystemUiOverlay[] $VALUES -> d
    java.lang.String encodedName -> a
    io.flutter.embedding.engine.systemchannels.PlatformChannel$SystemUiOverlay fromValue(java.lang.String) -> a
io.flutter.embedding.engine.systemchannels.PlatformViewsChannel -> io.flutter.embedding.engine.i.i:
    io.flutter.plugin.common.MethodChannel$MethodCallHandler parsingHandler -> c
    io.flutter.embedding.engine.systemchannels.PlatformViewsChannel$PlatformViewsHandler handler -> b
    io.flutter.plugin.common.MethodChannel channel -> a
    io.flutter.embedding.engine.systemchannels.PlatformViewsChannel$PlatformViewsHandler access$000(io.flutter.embedding.engine.systemchannels.PlatformViewsChannel) -> a
    java.lang.String access$100(java.lang.Exception) -> a
    void invokeViewFocused(int) -> a
    void setPlatformViewsHandler(io.flutter.embedding.engine.systemchannels.PlatformViewsChannel$PlatformViewsHandler) -> a
    java.lang.String detailedExceptionString(java.lang.Exception) -> b